#
# A fatal error has been detected by the Java Runtime Environment:
#
#  SIGSEGV (0xb) at pc=0x00007f261133ae80, pid=3833, tid=3834
#
# JRE version: OpenJDK Runtime Environment AdoptOpenJDK (15.0+36) (build 15+36)
# Java VM: OpenJDK 64-Bit Server VM AdoptOpenJDK (15+36, mixed mode, sharing, tiered, compressed oops, g1 gc, linux-amd64)
# Problematic frame:
# C  0x00007f261133ae80
#
# No core dump will be written. Core dumps have been disabled. To enable core dumping, try "ulimit -c unlimited" before starting Java again
#
# If you would like to submit a bug report, please visit:
#   https://github.com/AdoptOpenJDK/openjdk-support/issues
#

---------------  S U M M A R Y ------------

Command Line: -Dapplication.home=/home/mos/java/jdk-15+36 --add-modules=ALL-DEFAULT -Xms8m -Djdk.module.main=jdk.jlink jdk.jlink/jdk.tools.jlink.internal.Main --no-header-files --no-man-pages --compress=2 --strip-debug --add-modules java.desktop,java.xml,java.naming,jdk.accessibility --output linux/java-runtime

Host: Intel(R) Core(TM)2 Quad  CPU   Q8200  @ 2.33GHz, 4 cores, 3G, Ubuntu 20.04.1 LTS
Time: Sat Sep 19 21:59:26 2020 CEST elapsed time: 3.499796 seconds (0d 0h 0m 3s)

---------------  T H R E A D  ---------------

Current thread (0x00007f2668027e20):  JavaThread "main" [_thread_in_Java, id=3834, stack(0x00007f266d7a9000,0x00007f266d8aa000)]

Stack: [0x00007f266d7a9000,0x00007f266d8aa000],  sp=0x00007f266d8a76f8,  free space=1017k
Native frames: (J=compiled Java code, A=aot compiled Java code, j=interpreted, Vv=VM code, C=native code)
C  0x00007f261133ae80
j  java.util.stream.ReferencePipeline$Head.forEach(Ljava/util/function/Consumer;)V+12 java.base@15
j  jdk.tools.jlink.plugin.ResourcePool.transformAndCopy(Ljava/util/function/Function;Ljdk/tools/jlink/plugin/ResourcePoolBuilder;)V+13 jdk.jlink@15
j  jdk.tools.jlink.internal.plugins.StripJavaDebugAttributesPlugin.transform(Ljdk/tools/jlink/plugin/ResourcePool;Ljdk/tools/jlink/plugin/ResourcePoolBuilder;)Ljdk/tools/jlink/plugin/ResourcePool;+8 jdk.jlink@15
j  jdk.tools.jlink.internal.plugins.DefaultStripDebugPlugin.transform(Ljdk/tools/jlink/plugin/ResourcePool;Ljdk/tools/jlink/plugin/ResourcePoolBuilder;)Ljdk/tools/jlink/plugin/ResourcePool;+63 jdk.jlink@15
j  jdk.tools.jlink.internal.ImagePluginStack.visitResources(Ljdk/tools/jlink/internal/ResourcePoolManager;)Ljdk/tools/jlink/plugin/ResourcePool;+243 jdk.jlink@15
j  jdk.tools.jlink.internal.ImageFileCreator.generateJImage(Ljdk/tools/jlink/internal/ResourcePoolManager;Ljdk/tools/jlink/internal/BasicImageWriter;Ljdk/tools/jlink/internal/ImagePluginStack;Ljava/io/DataOutputStream;)Ljdk/tools/jlink/plugin/ResourcePool;+2 jdk.jlink@15
j  jdk.tools.jlink.internal.ImageFileCreator.writeImage(Ljava/util/Set;Ljava/nio/ByteOrder;)V+35 jdk.jlink@15
j  jdk.tools.jlink.internal.ImageFileCreator.create(Ljava/util/Set;Ljava/nio/ByteOrder;Ljdk/tools/jlink/internal/ImagePluginStack;)Ljdk/tools/jlink/internal/ExecutableImage;+17 jdk.jlink@15
j  jdk.tools.jlink.internal.JlinkTask$ImageHelper.retrieve(Ljdk/tools/jlink/internal/ImagePluginStack;)Ljdk/tools/jlink/internal/ExecutableImage;+9 jdk.jlink@15
j  jdk.tools.jlink.internal.ImagePluginStack.operate(Ljdk/tools/jlink/internal/ImagePluginStack$ImageProvider;)V+2 jdk.jlink@15
j  jdk.tools.jlink.internal.JlinkTask.createImage(Ljdk/tools/jlink/internal/Jlink$JlinkConfiguration;)V+130 jdk.jlink@15
j  jdk.tools.jlink.internal.JlinkTask.run([Ljava/lang/String;)I+321 jdk.jlink@15
j  jdk.tools.jlink.internal.Main.run(Ljava/io/PrintWriter;Ljava/io/PrintWriter;[Ljava/lang/String;)I+37 jdk.jlink@15
j  jdk.tools.jlink.internal.Main.main([Ljava/lang/String;)V+23 jdk.jlink@15
v  ~StubRoutines::call_stub
V  [libjvm.so+0x7e5235]  JavaCalls::call_helper(JavaValue*, methodHandle const&, JavaCallArguments*, Thread*)+0x355
V  [libjvm.so+0x8735da]  jni_invoke_static(JNIEnv_*, JavaValue*, _jobject*, JNICallType, _jmethodID*, JNI_ArgumentPusher*, Thread*) [clone .isra.99] [clone .constprop.281]+0x25a
V  [libjvm.so+0x875c3e]  jni_CallStaticVoidMethod+0x13e
C  [libjli.so+0x575d]  JavaMain+0xd5d
C  [libjli.so+0x8769]  ThreadJavaMain+0x9


siginfo: si_signo: 11 (SIGSEGV), si_code: 2 (SEGV_ACCERR), si_addr: 0x00007f261133ae80

Register to memory mapping:

RAX=0x0000000000000009 is an unknown value
RBX=0x00000000c6a264a8 is an oop: jdk.internal.org.objectweb.asm.ClassReader 
{0x00000000c6a264a8} - klass: 'jdk/internal/org/objectweb/asm/ClassReader'
RCX=0x0000000000000009 is an unknown value
RDX=0x00000000000001ee is an unknown value
RSP=0x00007f266d8a76f8 is pointing into the stack for thread: 0x00007f2668027e20
RBP=0x00007f266d8a8298 is pointing into the stack for thread: 0x00007f2668027e20
RSI=0x00000000c6a264a8 is an oop: jdk.internal.org.objectweb.asm.ClassReader 
{0x00000000c6a264a8} - klass: 'jdk/internal/org/objectweb/asm/ClassReader'
RDI=0x00000000c6a2a5b8 is an oop: [Ljava.lang.String; 
{0x00000000c6a2a5b8} - klass: 'java/lang/String'[]
 - length: 124
R8 =0x00000000c6a2ad70 is an oop: [C 
{0x00000000c6a2ad70} - klass: {type array char}
 - length: 97
R9 =0x0 is NULL
R10=0x00007f266f3b7000 points into unknown readable memory: 0x0000000000000000 | 00 00 00 00 00 00 00 00
R11=0x00000000c6a296c0 is an oop: [B 
{0x00000000c6a296c0} - klass: {type array byte}
 - length: 3302
R12=0x0 is NULL
R13=0x0000000000000001 is an unknown value
R14=120526 is a compressed pointer to class: 0x00000008000eb670
java.lang.invoke.MethodHandles$Lookup {0x00000008000eb670}
R15=0x00007f2668027e20 is a thread


Registers:
RAX=0x0000000000000009, RBX=0x00000000c6a264a8, RCX=0x0000000000000009, RDX=0x00000000000001ee
RSP=0x00007f266d8a76f8, RBP=0x00007f266d8a8298, RSI=0x00000000c6a264a8, RDI=0x00000000c6a2a5b8
R8 =0x00000000c6a2ad70, R9 =0x0000000000000000, R10=0x00007f266f3b7000, R11=0x00000000c6a296c0
R12=0x0000000000000000, R13=0x0000000000000001, R14=0x000000000001d6ce, R15=0x00007f2668027e20
RIP=0x00007f261133ae80, EFLAGS=0x0000000000010246, CSGSFS=0x002b000000000033, ERR=0x0000000000000014
  TRAPNO=0x000000000000000e

Top of Stack: (sp=0x00007f266d8a76f8)
0x00007f266d8a76f8:   00007f2650b45594 00000000c6a2d8a8
0x00007f266d8a7708:   00000000c6a264a8 00007f266d8a8298
0x00007f266d8a7718:   00007f2650b22a54 00000000c6a2d600
0x00007f266d8a7728:   000000000000000a 00000000c6a2b9e0 

Instructions: (pc=0x00007f261133ae80)
0x00007f261133ad80:   ?? ?? ?? ?? ?? ?? ?? ?? ?? ?? ?? ?? ?? ?? ?? ??
0x00007f261133ad90:   ?? ?? ?? ?? ?? ?? ?? ?? ?? ?? ?? ?? ?? ?? ?? ??
0x00007f261133ada0:   ?? ?? ?? ?? ?? ?? ?? ?? ?? ?? ?? ?? ?? ?? ?? ??
0x00007f261133adb0:   ?? ?? ?? ?? ?? ?? ?? ?? ?? ?? ?? ?? ?? ?? ?? ??
0x00007f261133adc0:   ?? ?? ?? ?? ?? ?? ?? ?? ?? ?? ?? ?? ?? ?? ?? ??
0x00007f261133add0:   ?? ?? ?? ?? ?? ?? ?? ?? ?? ?? ?? ?? ?? ?? ?? ??
0x00007f261133ade0:   ?? ?? ?? ?? ?? ?? ?? ?? ?? ?? ?? ?? ?? ?? ?? ??
0x00007f261133adf0:   ?? ?? ?? ?? ?? ?? ?? ?? ?? ?? ?? ?? ?? ?? ?? ??
0x00007f261133ae00:   ?? ?? ?? ?? ?? ?? ?? ?? ?? ?? ?? ?? ?? ?? ?? ??
0x00007f261133ae10:   ?? ?? ?? ?? ?? ?? ?? ?? ?? ?? ?? ?? ?? ?? ?? ??
0x00007f261133ae20:   ?? ?? ?? ?? ?? ?? ?? ?? ?? ?? ?? ?? ?? ?? ?? ??
0x00007f261133ae30:   ?? ?? ?? ?? ?? ?? ?? ?? ?? ?? ?? ?? ?? ?? ?? ??
0x00007f261133ae40:   ?? ?? ?? ?? ?? ?? ?? ?? ?? ?? ?? ?? ?? ?? ?? ??
0x00007f261133ae50:   ?? ?? ?? ?? ?? ?? ?? ?? ?? ?? ?? ?? ?? ?? ?? ??
0x00007f261133ae60:   ?? ?? ?? ?? ?? ?? ?? ?? ?? ?? ?? ?? ?? ?? ?? ??
0x00007f261133ae70:   ?? ?? ?? ?? ?? ?? ?? ?? ?? ?? ?? ?? ?? ?? ?? ??
0x00007f261133ae80:   ?? ?? ?? ?? ?? ?? ?? ?? ?? ?? ?? ?? ?? ?? ?? ??
0x00007f261133ae90:   ?? ?? ?? ?? ?? ?? ?? ?? ?? ?? ?? ?? ?? ?? ?? ??
0x00007f261133aea0:   ?? ?? ?? ?? ?? ?? ?? ?? ?? ?? ?? ?? ?? ?? ?? ??
0x00007f261133aeb0:   ?? ?? ?? ?? ?? ?? ?? ?? ?? ?? ?? ?? ?? ?? ?? ??
0x00007f261133aec0:   ?? ?? ?? ?? ?? ?? ?? ?? ?? ?? ?? ?? ?? ?? ?? ??
0x00007f261133aed0:   ?? ?? ?? ?? ?? ?? ?? ?? ?? ?? ?? ?? ?? ?? ?? ??
0x00007f261133aee0:   ?? ?? ?? ?? ?? ?? ?? ?? ?? ?? ?? ?? ?? ?? ?? ??
0x00007f261133aef0:   ?? ?? ?? ?? ?? ?? ?? ?? ?? ?? ?? ?? ?? ?? ?? ??
0x00007f261133af00:   ?? ?? ?? ?? ?? ?? ?? ?? ?? ?? ?? ?? ?? ?? ?? ??
0x00007f261133af10:   ?? ?? ?? ?? ?? ?? ?? ?? ?? ?? ?? ?? ?? ?? ?? ??
0x00007f261133af20:   ?? ?? ?? ?? ?? ?? ?? ?? ?? ?? ?? ?? ?? ?? ?? ??
0x00007f261133af30:   ?? ?? ?? ?? ?? ?? ?? ?? ?? ?? ?? ?? ?? ?? ?? ??
0x00007f261133af40:   ?? ?? ?? ?? ?? ?? ?? ?? ?? ?? ?? ?? ?? ?? ?? ??
0x00007f261133af50:   ?? ?? ?? ?? ?? ?? ?? ?? ?? ?? ?? ?? ?? ?? ?? ??
0x00007f261133af60:   ?? ?? ?? ?? ?? ?? ?? ?? ?? ?? ?? ?? ?? ?? ?? ??
0x00007f261133af70:   ?? ?? ?? ?? ?? ?? ?? ?? ?? ?? ?? ?? ?? ?? ?? ?? 


Stack slot to memory mapping:
stack at sp + 0 slots: 0x00007f2650b45594 is at entry_point+212 in (nmethod*)0x00007f2650b45310
stack at sp + 1 slots: 0x00000000c6a2d8a8 is an oop: jdk.internal.org.objectweb.asm.Label 
{0x00000000c6a2d8a8} - klass: 'jdk/internal/org/objectweb/asm/Label'
stack at sp + 2 slots: 0x00000000c6a264a8 is an oop: jdk.internal.org.objectweb.asm.ClassReader 
{0x00000000c6a264a8} - klass: 'jdk/internal/org/objectweb/asm/ClassReader'
stack at sp + 3 slots: 0x00007f266d8a8298 is pointing into the stack for thread: 0x00007f2668027e20
stack at sp + 4 slots: 0x00007f2650b22a54 is at entry_point+116 in (nmethod*)0x00007f2650b22810
stack at sp + 5 slots: 0x00000000c6a2d600 is an oop: jdk.internal.org.objectweb.asm.MethodWriter 
{0x00000000c6a2d600} - klass: 'jdk/internal/org/objectweb/asm/MethodWriter'
stack at sp + 6 slots: 0x000000000000000a is an unknown value
stack at sp + 7 slots: 0x00000000c6a2b9e0 is an oop: java.lang.String 
{0x00000000c6a2b9e0} - klass: 'java/lang/String'


---------------  P R O C E S S  ---------------

Threads class SMR info:
_java_thread_list=0x00007f261c12fef0, length=11, elements={
0x00007f2668027e20, 0x00007f26680a73f0, 0x00007f26680a8b30, 0x00007f26680ae380,
0x00007f26680afa90, 0x00007f26680b16b0, 0x00007f26680b2ee0, 0x00007f26680b45e0,
0x00007f26680e8ea0, 0x00007f2668114ee0, 0x00007f261c12ed40
}

Java Threads: ( => current thread )
=>0x00007f2668027e20 JavaThread "main" [_thread_in_Java, id=3834, stack(0x00007f266d7a9000,0x00007f266d8aa000)]
  0x00007f26680a73f0 JavaThread "Reference Handler" daemon [_thread_blocked, id=3841, stack(0x00007f26376ff000,0x00007f2637800000)]
  0x00007f26680a8b30 JavaThread "Finalizer" daemon [_thread_blocked, id=3842, stack(0x00007f26375fe000,0x00007f26376ff000)]
  0x00007f26680ae380 JavaThread "Signal Dispatcher" daemon [_thread_blocked, id=3843, stack(0x00007f2636f33000,0x00007f2637034000)]
  0x00007f26680afa90 JavaThread "Service Thread" daemon [_thread_blocked, id=3844, stack(0x00007f2636e32000,0x00007f2636f33000)]
  0x00007f26680b16b0 JavaThread "C2 CompilerThread0" daemon [_thread_in_native, id=3845, stack(0x00007f2636d31000,0x00007f2636e32000)]
  0x00007f26680b2ee0 JavaThread "C1 CompilerThread0" daemon [_thread_blocked, id=3846, stack(0x00007f2636c30000,0x00007f2636d31000)]
  0x00007f26680b45e0 JavaThread "Sweeper thread" daemon [_thread_blocked, id=3847, stack(0x00007f2636b2f000,0x00007f2636c30000)]
  0x00007f26680e8ea0 JavaThread "Common-Cleaner" daemon [_thread_blocked, id=3848, stack(0x00007f2636a2e000,0x00007f2636b2f000)]
  0x00007f2668114ee0 JavaThread "Notification Thread" daemon [_thread_blocked, id=3849, stack(0x00007f263692d000,0x00007f2636a2e000)]
  0x00007f261c12ed40 JavaThread "C2 CompilerThread1" daemon [_thread_in_native, id=3852, stack(0x00007f2635ff7000,0x00007f26360f8000)]

Other Threads:
  0x00007f26680a46e0 VMThread "VM Thread" [stack: 0x00007f264c093000,0x00007f264c193000] [id=3840]
  0x00007f2668116af0 WatcherThread [stack: 0x00007f263682d000,0x00007f263692d000] [id=3850]
  0x00007f2668055e20 GCTaskThread "GC Thread#0" [stack: 0x00007f266c69b000,0x00007f266c79b000] [id=3835]
  0x00007f2630000f20 GCTaskThread "GC Thread#1" [stack: 0x00007f26360fa000,0x00007f26361fa000] [id=3851]
  0x00007f266805f280 ConcurrentGCThread "G1 Main Marker" [stack: 0x00007f266c599000,0x00007f266c699000] [id=3836]
  0x00007f2668060510 ConcurrentGCThread "G1 Conc#0" [stack: 0x00007f266c497000,0x00007f266c597000] [id=3837]
  0x00007f2668077fa0 ConcurrentGCThread "G1 Refine#0" [stack: 0x00007f264c373000,0x00007f264c473000] [id=3838]
  0x00007f2638000d20 ConcurrentGCThread "G1 Refine#1" [stack: 0x00007f2635ef7000,0x00007f2635ff7000] [id=3853]
  0x00007f25f8000d20 ConcurrentGCThread "G1 Refine#2" [stack: 0x00007f2635df5000,0x00007f2635ef5000] [id=3854]
  0x00007f26680791b0 ConcurrentGCThread "G1 Young RemSet Sampling" [stack: 0x00007f264c271000,0x00007f264c371000] [id=3839]

Threads with active compile tasks:
C2 CompilerThread0     3560 1672       4       jdk.internal.org.objectweb.asm.SymbolTable::addConstantMemberReference (147 bytes)
C2 CompilerThread1     3560 1669       4       jdk.internal.org.objectweb.asm.ClassReader::readCode (5089 bytes)

VM state: not at safepoint (normal execution)

VM Mutex/Monitor currently owned by a thread: None

Heap address: 0x00000000c2800000, size: 984 MB, Compressed Oops mode: 32-bit
CDS archive(s) mapped at: [0x0000000800000000-0x0000000800b29000-0x0000000800b29000), size 11702272, SharedBaseAddress: 0x0000000800000000, ArchiveRelocationMode: 0.
Compressed class space mapped at: 0x0000000800b2c000-0x0000000840b2c000, size: 1073741824
Narrow klass base: 0x0000000800000000, Narrow klass shift: 3, Narrow klass range: 0x100000000

GC Precious Log:
 CPUs: 4 total, 4 available
 Memory: 3935M
 Large Page Support: Disabled
 NUMA Support: Disabled
 Compressed Oops: Enabled (32-bit)
 Heap Region Size: 1M
 Heap Min Capacity: 8M
 Heap Initial Capacity: 8M
 Heap Max Capacity: 984M
 Pre-touch: Disabled
 Parallel Workers: 4
 Concurrent Workers: 1
 Concurrent Refinement Workers: 4
 Periodic GC: Disabled

Heap:
 garbage-first heap   total 94208K, used 40637K [0x00000000c2800000, 0x0000000100000000)
  region size 1024K, 20 young (20480K), 1 survivors (1024K)
 Metaspace       used 4073K, capacity 5924K, committed 6144K, reserved 1056768K
  class space    used 436K, capacity 669K, committed 768K, reserved 1048576K

Heap Regions: E=young(eden), S=young(survivor), O=old, HS=humongous(starts), HC=humongous(continues), CS=collection set, F=free, OA=open archive, CA=closed archive, TAMS=top-at-mark-start (previous, next)
|   0|0x00000000c2800000, 0x00000000c2900000, 0x00000000c2900000|100%| O|  |TAMS 0x00000000c2900000, 0x00000000c2800000| Untracked 
|   1|0x00000000c2900000, 0x00000000c2a00000, 0x00000000c2a00000|100%| O|  |TAMS 0x00000000c2a00000, 0x00000000c2900000| Untracked 
|   2|0x00000000c2a00000, 0x00000000c2b00000, 0x00000000c2b00000|100%|HS|  |TAMS 0x00000000c2b00000, 0x00000000c2a00000| Complete 
|   3|0x00000000c2b00000, 0x00000000c2c00000, 0x00000000c2c00000|100%| O|  |TAMS 0x00000000c2c00000, 0x00000000c2b00000| Untracked 
|   4|0x00000000c2c00000, 0x00000000c2d00000, 0x00000000c2d00000|100%|HS|  |TAMS 0x00000000c2d00000, 0x00000000c2c00000| Complete 
|   5|0x00000000c2d00000, 0x00000000c2e00000, 0x00000000c2e00000|100%| O|  |TAMS 0x00000000c2e00000, 0x00000000c2d00000| Untracked 
|   6|0x00000000c2e00000, 0x00000000c2f00000, 0x00000000c2f00000|100%| O|  |TAMS 0x00000000c2f00000, 0x00000000c2e00000| Untracked 
|   7|0x00000000c2f00000, 0x00000000c3000000, 0x00000000c3000000|100%| O|  |TAMS 0x00000000c3000000, 0x00000000c2f00000| Untracked 
|   8|0x00000000c3000000, 0x00000000c3100000, 0x00000000c3100000|100%| O|  |TAMS 0x00000000c3100000, 0x00000000c3000000| Untracked 
|   9|0x00000000c3100000, 0x00000000c3200000, 0x00000000c3200000|100%| O|  |TAMS 0x00000000c3200000, 0x00000000c3100000| Untracked 
|  10|0x00000000c3200000, 0x00000000c3300000, 0x00000000c3300000|100%| O|  |TAMS 0x00000000c3300000, 0x00000000c3200000| Untracked 
|  11|0x00000000c3300000, 0x00000000c3400000, 0x00000000c3400000|100%| O|  |TAMS 0x00000000c3400000, 0x00000000c3300000| Untracked 
|  12|0x00000000c3400000, 0x00000000c3500000, 0x00000000c3500000|100%| O|  |TAMS 0x00000000c3500000, 0x00000000c3400000| Untracked 
|  13|0x00000000c3500000, 0x00000000c3600000, 0x00000000c3600000|100%| O|  |TAMS 0x00000000c3600000, 0x00000000c3500000| Untracked 
|  14|0x00000000c3600000, 0x00000000c3700000, 0x00000000c3700000|100%| O|  |TAMS 0x00000000c3700000, 0x00000000c3600000| Untracked 
|  15|0x00000000c3700000, 0x00000000c3700000, 0x00000000c3800000|  0%| F|  |TAMS 0x00000000c3700000, 0x00000000c3700000| Untracked 
|  16|0x00000000c3800000, 0x00000000c3800000, 0x00000000c3900000|  0%| F|  |TAMS 0x00000000c3800000, 0x00000000c3800000| Untracked 
|  17|0x00000000c3900000, 0x00000000c3900000, 0x00000000c3a00000|  0%| F|  |TAMS 0x00000000c3900000, 0x00000000c3900000| Untracked 
|  18|0x00000000c3a00000, 0x00000000c3a00000, 0x00000000c3b00000|  0%| F|  |TAMS 0x00000000c3a00000, 0x00000000c3a00000| Untracked 
|  19|0x00000000c3b00000, 0x00000000c3b00000, 0x00000000c3c00000|  0%| F|  |TAMS 0x00000000c3b00000, 0x00000000c3b00000| Untracked 
|  20|0x00000000c3c00000, 0x00000000c3c00000, 0x00000000c3d00000|  0%| F|  |TAMS 0x00000000c3c00000, 0x00000000c3c00000| Untracked 
|  21|0x00000000c3d00000, 0x00000000c3d00000, 0x00000000c3e00000|  0%| F|  |TAMS 0x00000000c3d00000, 0x00000000c3d00000| Untracked 
|  22|0x00000000c3e00000, 0x00000000c3e00000, 0x00000000c3f00000|  0%| F|  |TAMS 0x00000000c3e00000, 0x00000000c3e00000| Untracked 
|  23|0x00000000c3f00000, 0x00000000c3f00000, 0x00000000c4000000|  0%| F|  |TAMS 0x00000000c3f00000, 0x00000000c3f00000| Untracked 
|  24|0x00000000c4000000, 0x00000000c4000000, 0x00000000c4100000|  0%| F|  |TAMS 0x00000000c4000000, 0x00000000c4000000| Untracked 
|  25|0x00000000c4100000, 0x00000000c4100000, 0x00000000c4200000|  0%| F|  |TAMS 0x00000000c4100000, 0x00000000c4100000| Untracked 
|  26|0x00000000c4200000, 0x00000000c4200000, 0x00000000c4300000|  0%| F|  |TAMS 0x00000000c4200000, 0x00000000c4200000| Untracked 
|  27|0x00000000c4300000, 0x00000000c4300000, 0x00000000c4400000|  0%| F|  |TAMS 0x00000000c4300000, 0x00000000c4300000| Untracked 
|  28|0x00000000c4400000, 0x00000000c4400000, 0x00000000c4500000|  0%| F|  |TAMS 0x00000000c4400000, 0x00000000c4400000| Untracked 
|  29|0x00000000c4500000, 0x00000000c45e1508, 0x00000000c4600000| 88%| S|CS|TAMS 0x00000000c4500000, 0x00000000c4500000| Complete 
|  30|0x00000000c4600000, 0x00000000c4600000, 0x00000000c4700000|  0%| F|  |TAMS 0x00000000c4600000, 0x00000000c4600000| Untracked 
|  31|0x00000000c4700000, 0x00000000c4700000, 0x00000000c4800000|  0%| F|  |TAMS 0x00000000c4700000, 0x00000000c4700000| Untracked 
|  32|0x00000000c4800000, 0x00000000c4800000, 0x00000000c4900000|  0%| F|  |TAMS 0x00000000c4800000, 0x00000000c4800000| Untracked 
|  33|0x00000000c4900000, 0x00000000c4900000, 0x00000000c4a00000|  0%| F|  |TAMS 0x00000000c4900000, 0x00000000c4900000| Untracked 
|  34|0x00000000c4a00000, 0x00000000c4a00000, 0x00000000c4b00000|  0%| F|  |TAMS 0x00000000c4a00000, 0x00000000c4a00000| Untracked 
|  35|0x00000000c4b00000, 0x00000000c4b00000, 0x00000000c4c00000|  0%| F|  |TAMS 0x00000000c4b00000, 0x00000000c4b00000| Untracked 
|  36|0x00000000c4c00000, 0x00000000c4c00000, 0x00000000c4d00000|  0%| F|  |TAMS 0x00000000c4c00000, 0x00000000c4c00000| Untracked 
|  37|0x00000000c4d00000, 0x00000000c4d00000, 0x00000000c4e00000|  0%| F|  |TAMS 0x00000000c4d00000, 0x00000000c4d00000| Untracked 
|  38|0x00000000c4e00000, 0x00000000c4e00000, 0x00000000c4f00000|  0%| F|  |TAMS 0x00000000c4e00000, 0x00000000c4e00000| Untracked 
|  39|0x00000000c4f00000, 0x00000000c4f00000, 0x00000000c5000000|  0%| F|  |TAMS 0x00000000c4f00000, 0x00000000c4f00000| Untracked 
|  40|0x00000000c5000000, 0x00000000c5000000, 0x00000000c5100000|  0%| F|  |TAMS 0x00000000c5000000, 0x00000000c5000000| Untracked 
|  41|0x00000000c5100000, 0x00000000c5100000, 0x00000000c5200000|  0%| F|  |TAMS 0x00000000c5100000, 0x00000000c5100000| Untracked 
|  42|0x00000000c5200000, 0x00000000c5200000, 0x00000000c5300000|  0%| F|  |TAMS 0x00000000c5200000, 0x00000000c5200000| Untracked 
|  43|0x00000000c5300000, 0x00000000c5300000, 0x00000000c5400000|  0%| F|  |TAMS 0x00000000c5300000, 0x00000000c5300000| Untracked 
|  44|0x00000000c5400000, 0x00000000c5400000, 0x00000000c5500000|  0%| F|  |TAMS 0x00000000c5400000, 0x00000000c5400000| Untracked 
|  45|0x00000000c5500000, 0x00000000c5500000, 0x00000000c5600000|  0%| F|  |TAMS 0x00000000c5500000, 0x00000000c5500000| Untracked 
|  46|0x00000000c5600000, 0x00000000c5600000, 0x00000000c5700000|  0%| F|  |TAMS 0x00000000c5600000, 0x00000000c5600000| Untracked 
|  47|0x00000000c5700000, 0x00000000c5700000, 0x00000000c5800000|  0%| F|  |TAMS 0x00000000c5700000, 0x00000000c5700000| Untracked 
|  48|0x00000000c5800000, 0x00000000c5800000, 0x00000000c5900000|  0%| F|  |TAMS 0x00000000c5800000, 0x00000000c5800000| Untracked 
|  49|0x00000000c5900000, 0x00000000c5900000, 0x00000000c5a00000|  0%| F|  |TAMS 0x00000000c5900000, 0x00000000c5900000| Untracked 
|  50|0x00000000c5a00000, 0x00000000c5a00000, 0x00000000c5b00000|  0%| F|  |TAMS 0x00000000c5a00000, 0x00000000c5a00000| Untracked 
|  51|0x00000000c5b00000, 0x00000000c5b00000, 0x00000000c5c00000|  0%| F|  |TAMS 0x00000000c5b00000, 0x00000000c5b00000| Untracked 
|  52|0x00000000c5c00000, 0x00000000c5c00000, 0x00000000c5d00000|  0%| F|  |TAMS 0x00000000c5c00000, 0x00000000c5c00000| Untracked 
|  53|0x00000000c5d00000, 0x00000000c5d00000, 0x00000000c5e00000|  0%| F|  |TAMS 0x00000000c5d00000, 0x00000000c5d00000| Untracked 
|  54|0x00000000c5e00000, 0x00000000c5e00000, 0x00000000c5f00000|  0%| F|  |TAMS 0x00000000c5e00000, 0x00000000c5e00000| Untracked 
|  55|0x00000000c5f00000, 0x00000000c5f00000, 0x00000000c6000000|  0%| F|  |TAMS 0x00000000c5f00000, 0x00000000c5f00000| Untracked 
|  56|0x00000000c6000000, 0x00000000c6000000, 0x00000000c6100000|  0%| F|  |TAMS 0x00000000c6000000, 0x00000000c6000000| Untracked 
|  57|0x00000000c6100000, 0x00000000c6100000, 0x00000000c6200000|  0%| F|  |TAMS 0x00000000c6100000, 0x00000000c6100000| Untracked 
|  58|0x00000000c6200000, 0x00000000c6200000, 0x00000000c6300000|  0%| F|  |TAMS 0x00000000c6200000, 0x00000000c6200000| Untracked 
|  59|0x00000000c6300000, 0x00000000c6300000, 0x00000000c6400000|  0%| F|  |TAMS 0x00000000c6300000, 0x00000000c6300000| Untracked 
|  60|0x00000000c6400000, 0x00000000c6400000, 0x00000000c6500000|  0%| F|  |TAMS 0x00000000c6400000, 0x00000000c6400000| Untracked 
|  61|0x00000000c6500000, 0x00000000c6500000, 0x00000000c6600000|  0%| F|  |TAMS 0x00000000c6500000, 0x00000000c6500000| Untracked 
|  62|0x00000000c6600000, 0x00000000c6600000, 0x00000000c6700000|  0%| F|  |TAMS 0x00000000c6600000, 0x00000000c6600000| Untracked 
|  63|0x00000000c6700000, 0x00000000c6700000, 0x00000000c6800000|  0%| F|  |TAMS 0x00000000c6700000, 0x00000000c6700000| Untracked 
|  64|0x00000000c6800000, 0x00000000c6800000, 0x00000000c6900000|  0%| F|  |TAMS 0x00000000c6800000, 0x00000000c6800000| Untracked 
|  65|0x00000000c6900000, 0x00000000c6900000, 0x00000000c6a00000|  0%| F|  |TAMS 0x00000000c6900000, 0x00000000c6900000| Untracked 
|  66|0x00000000c6a00000, 0x00000000c6a80800, 0x00000000c6b00000| 50%| E|  |TAMS 0x00000000c6a00000, 0x00000000c6a00000| Complete 
|  67|0x00000000c6b00000, 0x00000000c6c00000, 0x00000000c6c00000|100%| E|CS|TAMS 0x00000000c6b00000, 0x00000000c6b00000| Complete 
|  68|0x00000000c6c00000, 0x00000000c6d00000, 0x00000000c6d00000|100%| E|CS|TAMS 0x00000000c6c00000, 0x00000000c6c00000| Complete 
|  69|0x00000000c6d00000, 0x00000000c6e00000, 0x00000000c6e00000|100%| E|CS|TAMS 0x00000000c6d00000, 0x00000000c6d00000| Complete 
|  70|0x00000000c6e00000, 0x00000000c6f00000, 0x00000000c6f00000|100%| E|CS|TAMS 0x00000000c6e00000, 0x00000000c6e00000| Complete 
|  71|0x00000000c6f00000, 0x00000000c7000000, 0x00000000c7000000|100%| E|CS|TAMS 0x00000000c6f00000, 0x00000000c6f00000| Complete 
|  72|0x00000000c7000000, 0x00000000c7100000, 0x00000000c7100000|100%| E|CS|TAMS 0x00000000c7000000, 0x00000000c7000000| Complete 
|  73|0x00000000c7100000, 0x00000000c7200000, 0x00000000c7200000|100%| E|CS|TAMS 0x00000000c7100000, 0x00000000c7100000| Complete 
|  74|0x00000000c7200000, 0x00000000c7300000, 0x00000000c7300000|100%| E|CS|TAMS 0x00000000c7200000, 0x00000000c7200000| Complete 
|  75|0x00000000c7300000, 0x00000000c7400000, 0x00000000c7400000|100%| E|CS|TAMS 0x00000000c7300000, 0x00000000c7300000| Complete 
|  76|0x00000000c7400000, 0x00000000c7500000, 0x00000000c7500000|100%| E|CS|TAMS 0x00000000c7400000, 0x00000000c7400000| Complete 
|  77|0x00000000c7500000, 0x00000000c7600000, 0x00000000c7600000|100%| E|CS|TAMS 0x00000000c7500000, 0x00000000c7500000| Complete 
|  78|0x00000000c7600000, 0x00000000c7700000, 0x00000000c7700000|100%| E|CS|TAMS 0x00000000c7600000, 0x00000000c7600000| Complete 
|  79|0x00000000c7700000, 0x00000000c7800000, 0x00000000c7800000|100%| E|CS|TAMS 0x00000000c7700000, 0x00000000c7700000| Complete 
|  80|0x00000000c7800000, 0x00000000c7900000, 0x00000000c7900000|100%| E|CS|TAMS 0x00000000c7800000, 0x00000000c7800000| Complete 
|  81|0x00000000c7900000, 0x00000000c7a00000, 0x00000000c7a00000|100%| E|CS|TAMS 0x00000000c7900000, 0x00000000c7900000| Complete 
|  82|0x00000000c7a00000, 0x00000000c7b00000, 0x00000000c7b00000|100%| E|CS|TAMS 0x00000000c7a00000, 0x00000000c7a00000| Complete 
|  83|0x00000000c7b00000, 0x00000000c7c00000, 0x00000000c7c00000|100%| E|CS|TAMS 0x00000000c7b00000, 0x00000000c7b00000| Complete 
|  84|0x00000000c7c00000, 0x00000000c7d00000, 0x00000000c7d00000|100%| E|CS|TAMS 0x00000000c7c00000, 0x00000000c7c00000| Complete 
| 977|0x00000000ff900000, 0x00000000ffa00000, 0x00000000ffa00000|100%| O|  |TAMS 0x00000000ffa00000, 0x00000000ff900000| Untracked 
| 978|0x00000000ffa00000, 0x00000000ffb00000, 0x00000000ffb00000|100%| O|  |TAMS 0x00000000ffb00000, 0x00000000ffa00000| Untracked 
| 979|0x00000000ffb00000, 0x00000000ffc00000, 0x00000000ffc00000|100%| O|  |TAMS 0x00000000ffc00000, 0x00000000ffb00000| Untracked 
| 980|0x00000000ffc00000, 0x00000000ffd00000, 0x00000000ffd00000|100%| O|  |TAMS 0x00000000ffd00000, 0x00000000ffc00000| Untracked 
| 981|0x00000000ffd00000, 0x00000000ffe00000, 0x00000000ffe00000|100%| O|  |TAMS 0x00000000ffe00000, 0x00000000ffd00000| Untracked 
| 982|0x00000000ffe00000, 0x00000000ffe52000, 0x00000000fff00000| 32%|OA|  |TAMS 0x00000000ffe52000, 0x00000000ffe00000| Untracked 
| 983|0x00000000fff00000, 0x00000000fff7c000, 0x0000000100000000| 48%|CA|  |TAMS 0x00000000fff7c000, 0x00000000fff00000| Untracked 

Card table byte_map: [0x00007f266c9a8000,0x00007f266cb94000] _byte_map_base: 0x00007f266c394000

Marking Bits (Prev, Next): (CMBitMap*) 0x00007f2668056c00, (CMBitMap*) 0x00007f2668056bc0
 Prev Bits: [0x00007f264e473000, 0x00007f264f3d3000)
 Next Bits: [0x00007f264f3d3000, 0x00007f2650333000)

Polling page: 0x00007f266f3b6000

Metaspace:

Usage:
  Non-class:      5,13 MB capacity,     3,55 MB ( 69%) used,     1,56 MB ( 30%) free+waste,    20,00 KB ( <1%) overhead. 
      Class:    669,00 KB capacity,   436,51 KB ( 65%) used,   222,74 KB ( 33%) free+waste,     9,75 KB (  1%) overhead. 
       Both:      5,79 MB capacity,     3,98 MB ( 69%) used,     1,78 MB ( 31%) free+waste,    29,75 KB ( <1%) overhead. 

Virtual space:
  Non-class space:        8,00 MB reserved,       5,25 MB ( 66%) committed 
      Class space:        1,00 GB reserved,     768,00 KB ( <1%) committed 
             Both:        1,01 GB reserved,       6,00 MB ( <1%) committed 

Chunk freelists:
   Non-Class:  0 bytes
       Class:  0 bytes
        Both:  0 bytes

MaxMetaspaceSize: 17179869184,00 GB
CompressedClassSpaceSize: 1,00 GB

CodeHeap 'non-profiled nmethods': size=120032Kb used=838Kb max_used=838Kb free=119194Kb
 bounds [0x00007f2657dfb000, 0x00007f265806b000, 0x00007f265f333000]
CodeHeap 'profiled nmethods': size=120028Kb used=2570Kb max_used=2570Kb free=117457Kb
 bounds [0x00007f26508c4000, 0x00007f2650b54000, 0x00007f2657dfb000]
CodeHeap 'non-nmethods': size=5700Kb used=1140Kb max_used=1176Kb free=4559Kb
 bounds [0x00007f2650333000, 0x00007f26505a3000, 0x00007f26508c4000]
 total_blobs=2064 nmethods=1672 adapters=306
 compilation: enabled
              stopped_count=0, restarted_count=0
 full_count=0

Compilation events (20 events):
Event: 3,471 Thread 0x00007f26680b16b0 nmethod 1255 0x00007f2657ec4210 code [0x00007f2657ec4740, 0x00007f2657ec9f10]
Event: 3,472 Thread 0x00007f26680b16b0 1672       4       jdk.internal.org.objectweb.asm.SymbolTable::addConstantMemberReference (147 bytes)
Event: 3,473 Thread 0x00007f26680b2ee0 1692       2       jdk.internal.org.objectweb.asm.ByteVector::putUTF8 (144 bytes)
Event: 3,475 Thread 0x00007f26680b2ee0 nmethod 1692 0x00007f2650b42e10 code [0x00007f2650b43000, 0x00007f2650b43540]
Event: 3,475 Thread 0x00007f26680b2ee0 1697       2       jdk.internal.org.objectweb.asm.SymbolTable::addConstantUtf8 (98 bytes)
Event: 3,476 Thread 0x00007f26680b2ee0 nmethod 1697 0x00007f2650b43910 code [0x00007f2650b43b00, 0x00007f2650b43e90]
Event: 3,476 Thread 0x00007f26680b2ee0 1698       2       java.lang.StringUTF16::compress (50 bytes)
Event: 3,477 Thread 0x00007f26680b2ee0 nmethod 1698 0x00007f2650b44190 code [0x00007f2650b44320, 0x00007f2650b444d0]
Event: 3,477 Thread 0x00007f26680b2ee0 1699       2       jdk.internal.org.objectweb.asm.SymbolTable::addConstantUtf8Reference (101 bytes)
Event: 3,478 Thread 0x00007f26680b2ee0 nmethod 1699 0x00007f2650b44690 code [0x00007f2650b44880, 0x00007f2650b44c10]
Event: 3,478 Thread 0x00007f26680b2ee0 1693       2       java.lang.String::hashCode (60 bytes)
Event: 3,478 Thread 0x00007f26680b2ee0 nmethod 1693 0x00007f2650b44f10 code [0x00007f2650b450c0, 0x00007f2650b45250]
Event: 3,478 Thread 0x00007f26680b2ee0 1695       2       jdk.internal.org.objectweb.asm.ClassReader::readUtf (44 bytes)
Event: 3,479 Thread 0x00007f26680b2ee0 nmethod 1695 0x00007f2650b45310 code [0x00007f2650b454c0, 0x00007f2650b45790]
Event: 3,479 Thread 0x00007f26680b2ee0 1694       2       java.lang.String::isLatin1 (19 bytes)
Event: 3,479 Thread 0x00007f26680b2ee0 nmethod 1694 0x00007f2650b45990 code [0x00007f2650b45b20, 0x00007f2650b45c30]
Event: 3,479 Thread 0x00007f26680b2ee0 1696       2       java.lang.String::charAt (25 bytes)
Event: 3,480 Thread 0x00007f26680b2ee0 nmethod 1696 0x00007f2650b45c90 code [0x00007f2650b45e40, 0x00007f2650b46070]
Event: 3,483 Thread 0x00007f26680b2ee0 1700       3       jdk.internal.org.objectweb.asm.ClassReader::readUtf (161 bytes)
Event: 3,485 Thread 0x00007f26680b2ee0 nmethod 1700 0x00007f2650b46210 code [0x00007f2650b463e0, 0x00007f2650b46840]

GC Heap History (20 events):
Event: 1,899 GC heap before
{Heap before GC invocations=15 (full 0):
 garbage-first heap   total 15360K, used 8488K [0x00000000c2800000, 0x0000000100000000)
  region size 1024K, 6 young (6144K), 1 survivors (1024K)
 Metaspace       used 2534K, capacity 5101K, committed 5376K, reserved 1056768K
  class space    used 252K, capacity 484K, committed 512K, reserved 1048576K
}
Event: 1,900 GC heap after
{Heap after GC invocations=16 (full 0):
 garbage-first heap   total 15360K, used 4376K [0x00000000c2800000, 0x0000000100000000)
  region size 1024K, 1 young (1024K), 1 survivors (1024K)
 Metaspace       used 2534K, capacity 5101K, committed 5376K, reserved 1056768K
  class space    used 252K, capacity 484K, committed 512K, reserved 1048576K
}
Event: 2,035 GC heap before
{Heap before GC invocations=16 (full 0):
 garbage-first heap   total 15360K, used 8472K [0x00000000c2800000, 0x0000000100000000)
  region size 1024K, 6 young (6144K), 1 survivors (1024K)
 Metaspace       used 2534K, capacity 5101K, committed 5376K, reserved 1056768K
  class space    used 252K, capacity 484K, committed 512K, reserved 1048576K
}
Event: 2,037 GC heap after
{Heap after GC invocations=17 (full 0):
 garbage-first heap   total 18432K, used 4382K [0x00000000c2800000, 0x0000000100000000)
  region size 1024K, 1 young (1024K), 1 survivors (1024K)
 Metaspace       used 2534K, capacity 5101K, committed 5376K, reserved 1056768K
  class space    used 252K, capacity 484K, committed 512K, reserved 1048576K
}
Event: 2,332 GC heap before
{Heap before GC invocations=17 (full 0):
 garbage-first heap   total 18432K, used 13598K [0x00000000c2800000, 0x0000000100000000)
  region size 1024K, 9 young (9216K), 1 survivors (1024K)
 Metaspace       used 2871K, capacity 5296K, committed 5504K, reserved 1056768K
  class space    used 295K, capacity 525K, committed 640K, reserved 1048576K
}
Event: 2,335 GC heap after
{Heap after GC invocations=18 (full 0):
 garbage-first heap   total 18432K, used 4968K [0x00000000c2800000, 0x0000000100000000)
  region size 1024K, 1 young (1024K), 1 survivors (1024K)
 Metaspace       used 2871K, capacity 5296K, committed 5504K, reserved 1056768K
  class space    used 295K, capacity 525K, committed 640K, reserved 1048576K
}
Event: 2,412 GC heap before
{Heap before GC invocations=18 (full 0):
 garbage-first heap   total 18432K, used 13160K [0x00000000c2800000, 0x0000000100000000)
  region size 1024K, 9 young (9216K), 1 survivors (1024K)
 Metaspace       used 3014K, capacity 5391K, committed 5504K, reserved 1056768K
  class space    used 311K, capacity 534K, committed 640K, reserved 1048576K
}
Event: 2,438 GC heap after
{Heap after GC invocations=19 (full 0):
 garbage-first heap   total 23552K, used 13024K [0x00000000c2800000, 0x0000000100000000)
  region size 1024K, 2 young (2048K), 2 survivors (2048K)
 Metaspace       used 3014K, capacity 5391K, committed 5504K, reserved 1056768K
  class space    used 311K, capacity 534K, committed 640K, reserved 1048576K
}
Event: 2,454 GC heap before
{Heap before GC invocations=19 (full 0):
 garbage-first heap   total 23552K, used 15072K [0x00000000c2800000, 0x0000000100000000)
  region size 1024K, 4 young (4096K), 2 survivors (2048K)
 Metaspace       used 3014K, capacity 5391K, committed 5504K, reserved 1056768K
  class space    used 311K, capacity 534K, committed 640K, reserved 1048576K
}
Event: 2,468 GC heap after
{Heap after GC invocations=20 (full 0):
 garbage-first heap   total 23552K, used 15160K [0x00000000c2800000, 0x0000000100000000)
  region size 1024K, 1 young (1024K), 1 survivors (1024K)
 Metaspace       used 3014K, capacity 5391K, committed 5504K, reserved 1056768K
  class space    used 311K, capacity 534K, committed 640K, reserved 1048576K
}
Event: 2,484 GC heap before
{Heap before GC invocations=20 (full 0):
 garbage-first heap   total 23552K, used 16184K [0x00000000c2800000, 0x0000000100000000)
  region size 1024K, 2 young (2048K), 1 survivors (1024K)
 Metaspace       used 3014K, capacity 5391K, committed 5504K, reserved 1056768K
  class space    used 311K, capacity 534K, committed 640K, reserved 1048576K
}
Event: 2,494 GC heap after
{Heap after GC invocations=21 (full 0):
 garbage-first heap   total 47104K, used 16639K [0x00000000c2800000, 0x0000000100000000)
  region size 1024K, 1 young (1024K), 1 survivors (1024K)
 Metaspace       used 3014K, capacity 5391K, committed 5504K, reserved 1056768K
  class space    used 311K, capacity 534K, committed 640K, reserved 1048576K
}
Event: 2,643 GC heap before
{Heap before GC invocations=22 (full 0):
 garbage-first heap   total 47104K, used 24831K [0x00000000c2800000, 0x0000000100000000)
  region size 1024K, 9 young (9216K), 1 survivors (1024K)
 Metaspace       used 3223K, capacity 5499K, committed 5760K, reserved 1056768K
  class space    used 339K, capacity 570K, committed 640K, reserved 1048576K
}
Event: 2,655 GC heap after
{Heap after GC invocations=23 (full 0):
 garbage-first heap   total 47104K, used 18232K [0x00000000c2800000, 0x0000000100000000)
  region size 1024K, 2 young (2048K), 2 survivors (2048K)
 Metaspace       used 3223K, capacity 5499K, committed 5760K, reserved 1056768K
  class space    used 339K, capacity 570K, committed 640K, reserved 1048576K
}
Event: 2,981 GC heap before
{Heap before GC invocations=23 (full 0):
 garbage-first heap   total 47104K, used 26424K [0x00000000c2800000, 0x0000000100000000)
  region size 1024K, 10 young (10240K), 2 survivors (2048K)
 Metaspace       used 3801K, capacity 5807K, committed 6016K, reserved 1056768K
  class space    used 414K, capacity 630K, committed 640K, reserved 1048576K
}
Event: 3,003 GC heap after
{Heap after GC invocations=24 (full 0):
 garbage-first heap   total 47104K, used 21268K [0x00000000c2800000, 0x0000000100000000)
  region size 1024K, 2 young (2048K), 2 survivors (2048K)
 Metaspace       used 3801K, capacity 5807K, committed 6016K, reserved 1056768K
  class space    used 414K, capacity 630K, committed 640K, reserved 1048576K
}
Event: 3,170 GC heap before
{Heap before GC invocations=24 (full 0):
 garbage-first heap   total 47104K, used 28436K [0x00000000c2800000, 0x0000000100000000)
  region size 1024K, 9 young (9216K), 2 survivors (2048K)
 Metaspace       used 4020K, capacity 5924K, committed 6144K, reserved 1056768K
  class space    used 436K, capacity 669K, committed 768K, reserved 1048576K
}
Event: 3,179 GC heap after
{Heap after GC invocations=25 (full 0):
 garbage-first heap   total 47104K, used 21988K [0x00000000c2800000, 0x0000000100000000)
  region size 1024K, 1 young (1024K), 1 survivors (1024K)
 Metaspace       used 4020K, capacity 5924K, committed 6144K, reserved 1056768K
  class space    used 436K, capacity 669K, committed 768K, reserved 1048576K
}
Event: 3,264 GC heap before
{Heap before GC invocations=25 (full 0):
 garbage-first heap   total 47104K, used 29156K [0x00000000c2800000, 0x0000000100000000)
  region size 1024K, 9 young (9216K), 1 survivors (1024K)
 Metaspace       used 4058K, capacity 5924K, committed 6144K, reserved 1056768K
  class space    used 436K, capacity 669K, committed 768K, reserved 1048576K
}
Event: 3,269 GC heap after
{Heap after GC invocations=26 (full 0):
 garbage-first heap   total 94208K, used 22205K [0x00000000c2800000, 0x0000000100000000)
  region size 1024K, 1 young (1024K), 1 survivors (1024K)
 Metaspace       used 4058K, capacity 5924K, committed 6144K, reserved 1056768K
  class space    used 436K, capacity 669K, committed 768K, reserved 1048576K
}

Deoptimization events (20 events):
Event: 3,472 Thread 0x00007f2668027e20 DEOPT PACKING pc=0x00007f2657ec2a4c sp=0x00007f266d8a7550
Event: 3,472 Thread 0x00007f2668027e20 DEOPT UNPACKING pc=0x00007f2650380e1f sp=0x00007f266d8a73d8 mode 2
Event: 3,472 Thread 0x00007f2668027e20 Uncommon trap: trap_request=0xffffff76 fr.pc=0x00007f2657e140fc relative=0x00000000000003dc
Event: 3,472 Thread 0x00007f2668027e20 Uncommon trap: reason=predicate action=maybe_recompile pc=0x00007f2657e140fc method=jdk.internal.org.objectweb.asm.ByteVector.putUTF8(Ljava/lang/String;)Ljdk/internal/org/objectweb/asm/ByteVector; @ 79 c2
Event: 3,472 Thread 0x00007f2668027e20 DEOPT PACKING pc=0x00007f2657e140fc sp=0x00007f266d8a7440
Event: 3,472 Thread 0x00007f2668027e20 DEOPT UNPACKING pc=0x00007f2650380e1f sp=0x00007f266d8a73f0 mode 2
Event: 3,472 Thread 0x00007f2668027e20 Uncommon trap: trap_request=0xffffff45 fr.pc=0x00007f2657e0b10c relative=0x000000000000006c
Event: 3,472 Thread 0x00007f2668027e20 Uncommon trap: reason=unstable_if action=reinterpret pc=0x00007f2657e0b10c method=java.lang.String.isLatin1()Z @ 10 c2
Event: 3,472 Thread 0x00007f2668027e20 DEOPT PACKING pc=0x00007f2657e0b10c sp=0x00007f266d8a73c0
Event: 3,472 Thread 0x00007f2668027e20 DEOPT UNPACKING pc=0x00007f2650380e1f sp=0x00007f266d8a7320 mode 2
Event: 3,472 Thread 0x00007f2668027e20 Uncommon trap: trap_request=0xffffff45 fr.pc=0x00007f2657ea07d8 relative=0x0000000000000058
Event: 3,472 Thread 0x00007f2668027e20 Uncommon trap: reason=unstable_if action=reinterpret pc=0x00007f2657ea07d8 method=java.lang.String.isLatin1()Z @ 10 c2
Event: 3,472 Thread 0x00007f2668027e20 DEOPT PACKING pc=0x00007f2657ea07d8 sp=0x00007f266d8a72d0
Event: 3,472 Thread 0x00007f2668027e20 DEOPT UNPACKING pc=0x00007f2650380e1f sp=0x00007f266d8a7280 mode 2
Event: 3,473 Thread 0x00007f2668027e20 Uncommon trap: trap_request=0xffffff45 fr.pc=0x00007f2657ec16b0 relative=0x00000000000001b0
Event: 3,473 Thread 0x00007f2668027e20 Uncommon trap: reason=unstable_if action=reinterpret pc=0x00007f2657ec16b0 method=java.lang.String.isLatin1()Z @ 10 c2
Event: 3,473 Thread 0x00007f2668027e20 DEOPT PACKING pc=0x00007f2657ec16b0 sp=0x00007f266d8a74a0
Event: 3,473 Thread 0x00007f2668027e20 DEOPT UNPACKING pc=0x00007f2650380e1f sp=0x00007f266d8a73f0 mode 2
Event: 3,483 Thread 0x00007f2668027e20 DEOPT PACKING pc=0x00007f2650b11898 sp=0x00007f266d8a76b0
Event: 3,483 Thread 0x00007f2668027e20 DEOPT UNPACKING pc=0x00007f2650380c1c sp=0x00007f266d8a6b40 mode 0

Classes unloaded (0 events):
No events

Classes redefined (0 events):
No events

Internal exceptions (20 events):
Event: 2,687 Thread 0x00007f2668027e20 Exception <a 'java/lang/IncompatibleClassChangeError'{0x00000000c4eb8130}: Found class java.lang.Object, but interface was expected> (0x00000000c4eb8130) 
thrown [./src/hotspot/share/interpreter/linkResolver.cpp, line 848]
Event: 2,689 Thread 0x00007f2668027e20 Exception <a 'java/lang/NoSuchMethodError'{0x00000000c4ebffd0}: 'int java.lang.invoke.DirectMethodHandle$Holder.invokeVirtual(java.lang.Object, java.lang.Object, java.lang.Object)'> (0x00000000c4ebffd0) 
thrown [./src/hotspot/share/interpreter/linkResolver.cpp, line 782]
Event: 2,907 Thread 0x00007f2668027e20 Exception <a 'java/lang/NoSuchMethodError'{0x00000000c47333f0}: 'int java.lang.invoke.DirectMethodHandle$Holder.invokeSpecial(java.lang.Object, java.lang.Object, java.lang.Object, java.lang.Object)'> (0x00000000c47333f0) 
thrown [./src/hotspot/share/interpreter/linkResolver.cpp, line 782]
Event: 2,910 Thread 0x00007f2668027e20 Exception <a 'java/lang/NoSuchMethodError'{0x00000000c473a9b0}: 'java.lang.Object java.lang.invoke.DirectMethodHandle$Holder.invokeSpecial(java.lang.Object, java.lang.Object, java.lang.Object, java.lang.Object, int)'> (0x00000000c473a9b0) 
thrown [./src/hotspot/share/interpreter/linkResolver.cpp, line 782]
Event: 2,913 Thread 0x00007f2668027e20 Exception <a 'java/lang/NoSuchMethodError'{0x00000000c4741da8}: 'java.lang.Object java.lang.invoke.DirectMethodHandle$Holder.invokeSpecial(java.lang.Object, java.lang.Object, java.lang.Object, java.lang.Object, long)'> (0x00000000c4741da8) 
thrown [./src/hotspot/share/interpreter/linkResolver.cpp, line 782]
Event: 2,927 Thread 0x00007f2668027e20 Exception <a 'java/lang/NoSuchMethodError'{0x00000000c47655f0}: 'java.lang.Object java.lang.invoke.DirectMethodHandle$Holder.invokeSpecial(java.lang.Object, java.lang.Object, java.lang.Object, java.lang.Object, java.lang.Object, java.lang.Object, java.lang.Object, java.lang.Object, java.lang.Object)'> (0x00000000c47655f0) 
thrown [./src/hotspot/share/interpreter/linkResolver.cpp, line 782]
Event: 2,930 Thread 0x00007f2668027e20 Exception <a 'java/lang/NoSuchMethodError'{0x00000000c476d410}: 'java.lang.Object java.lang.invoke.DirectMethodHandle$Holder.invokeSpecial(java.lang.Object, java.lang.Object, java.lang.Object, double)'> (0x00000000c476d410) 
thrown [./src/hotspot/share/interpreter/linkResolver.cpp, line 782]
Event: 2,936 Thread 0x00007f2668027e20 Exception <a 'java/lang/NoSuchMethodError'{0x00000000c477b8a8}: 'java.lang.Object java.lang.invoke.DirectMethodHandle$Holder.invokeSpecial(java.lang.Object, java.lang.Object, java.lang.Object, int, java.lang.Object)'> (0x00000000c477b8a8) 
thrown [./src/hotspot/share/interpreter/linkResolver.cpp, line 782]
Event: 2,947 Thread 0x00007f2668027e20 Exception <a 'java/lang/NoSuchMethodError'{0x00000000c479b5f0}: 'java.lang.Object java.lang.invoke.DirectMethodHandle$Holder.invokeSpecial(java.lang.Object, java.lang.Object, java.lang.Object, long, long)'> (0x00000000c479b5f0) 
thrown [./src/hotspot/share/interpreter/linkResolver.cpp, line 782]
Event: 2,975 Thread 0x00007f2668027e20 Exception <a 'java/lang/NoSuchMethodError'{0x00000000c47efcd0}: 'int java.lang.invoke.DirectMethodHandle$Holder.invokeSpecial(java.lang.Object, java.lang.Object, java.lang.Object, int)'> (0x00000000c47efcd0) 
thrown [./src/hotspot/share/interpreter/linkResolver.cpp, line 782]
Event: 2,978 Thread 0x00007f2668027e20 Exception <a 'java/lang/NoSuchMethodError'{0x00000000c47f77d0}: 'java.lang.Object java.lang.invoke.DirectMethodHandle$Holder.invokeSpecial(java.lang.Object, java.lang.Object, java.lang.Object, java.lang.Object, java.lang.Object, java.lang.Object, java.lang.Object, java.lang.Object, java.lang.Object, java.lang.Object, java.lang.Object)'> (0x00000000c47f77d0) 
thrown [./src/hotspot/share/interpreter/linkResolver.cpp, line 782]
Event: 3,003 Thread 0x00007f2668027e20 Exception <a 'java/lang/NoSuchMethodError'{0x00000000c4e00290}: 'java.lang.Object java.lang.invoke.DirectMethodHandle$Holder.invokeSpecial(java.lang.Object, java.lang.Object, java.lang.Object, java.lang.Object, java.lang.Object, java.lang.Object, java.lang.Object, java.lang.Object, java.lang.Object, java.lang.Object, java.lang.Object, java.lang.Object)'> (0x00000000c4e00290) 
thrown [./src/hotspot/share/interpreter/linkResolver.cpp, line 782]
Event: 3,008 Thread 0x00007f2668027e20 Exception <a 'java/lang/NoSuchMethodError'{0x00000000c4e09110}: 'java.lang.Object java.lang.invoke.DirectMethodHandle$Holder.invokeSpecial(java.lang.Object, java.lang.Object, java.lang.Object, java.lang.Object, java.lang.Object, java.lang.Object, java.lang.Object, java.lang.Object, java.lang.Object, java.lang.Object, java.lang.Object, java.lang.Object, java.lang.Object)'> (0x00000000c4e09110) 
thrown [./src/hotspot/share/interpreter/linkResolver.cpp, line 782]
Event: 3,011 Thread 0x00007f2668027e20 Exception <a 'java/lang/NoSuchMethodError'{0x00000000c4e11fa0}: 'java.lang.Object java.lang.invoke.DirectMethodHandle$Holder.invokeSpecial(java.lang.Object, java.lang.Object, java.lang.Object, java.lang.Object, java.lang.Object, java.lang.Object, java.lang.Object, java.lang.Object, java.lang.Object, java.lang.Object, java.lang.Object, java.lang.Object, java.lang.Object, java.lang.Object)'> (0x00000000c4e11fa0) 
thrown [./src/hotspot/share/interpreter/linkResolver.cpp, line 782]
Event: 3,013 Thread 0x00007f2668027e20 Exception <a 'java/lang/NoSuchMethodError'{0x00000000c4e1b5c0}: 'java.lang.Object java.lang.invoke.DirectMethodHandle$Holder.invokeSpecial(java.lang.Object, java.lang.Object, java.lang.Object, java.lang.Object, java.lang.Object, java.lang.Object, java.lang.Object, java.lang.Object, java.lang.Object, java.lang.Object, java.lang.Object, java.lang.Object, java.lang.Object, java.lang.Object, java.lang.Object)'> (0x00000000c4e1b5c0) 
thrown [./src/hotspot/share/interpreter/linkResolver.cpp, line 782]
Event: 3,016 Thread 0x00007f2668027e20 Exception <a 'java/lang/NoSuchMethodError'{0x00000000c4e24e60}: 'java.lang.Object java.lang.invoke.DirectMethodHandle$Holder.invokeSpecial(java.lang.Object, java.lang.Object, java.lang.Object, java.lang.Object, java.lang.Object, java.lang.Object, java.lang.Object, java.lang.Object, java.lang.Object, java.lang.Object, java.lang.Object, java.lang.Object, java.lang.Object, java.lang.Object, java.lang.Object, java.lang.Object)'> (0x00000000c4e24e60) 
thrown [./src/hotspot/share/interpreter/linkResolver.cpp, li
Event: 3,022 Thread 0x00007f2668027e20 Exception <a 'java/lang/NoSuchMethodError'{0x00000000c4e3eea0}: 'java.lang.Object java.lang.invoke.DirectMethodHandle$Holder.invokeSpecial(java.lang.Object, java.lang.Object, java.lang.Object, java.lang.Object, double)'> (0x00000000c4e3eea0) 
thrown [./src/hotspot/share/interpreter/linkResolver.cpp, line 782]
Event: 3,027 Thread 0x00007f2668027e20 Exception <a 'java/lang/NoSuchMethodError'{0x00000000c4e4e138}: 'java.lang.Object java.lang.invoke.DirectMethodHandle$Holder.invokeSpecial(java.lang.Object, java.lang.Object, java.lang.Object, java.lang.Object, java.lang.Object, long)'> (0x00000000c4e4e138) 
thrown [./src/hotspot/share/interpreter/linkResolver.cpp, line 782]
Event: 3,030 Thread 0x00007f2668027e20 Exception <a 'java/lang/NoSuchMethodError'{0x00000000c4e59610}: 'java.lang.Object java.lang.invoke.DirectMethodHandle$Holder.invokeSpecial(java.lang.Object, java.lang.Object, java.lang.Object, java.lang.Object, java.lang.Object, java.lang.Object, java.lang.Object, java.lang.Object, java.lang.Object, java.lang.Object)'> (0x00000000c4e59610) 
thrown [./src/hotspot/share/interpreter/linkResolver.cpp, line 782]
Event: 3,039 Thread 0x00007f2668027e20 Exception <a 'java/lang/NoSuchMethodError'{0x00000000c4e72a58}: 'int java.lang.invoke.DirectMethodHandle$Holder.invokeSpecial(java.lang.Object, java.lang.Object, int)'> (0x00000000c4e72a58) 
thrown [./src/hotspot/share/interpreter/linkResolver.cpp, line 782]

Events (20 events):
Event: 2,864 loading class java/lang/invoke/BoundMethodHandle$Species_LLLLLLLLLLLLL
Event: 2,864 loading class java/lang/invoke/BoundMethodHandle$Species_LLLLLLLLLLLLL done
Event: 2,867 loading class java/util/TreeMap$Values
Event: 2,868 loading class java/util/TreeMap$Values done
Event: 2,868 loading class java/util/TreeMap$ValueIterator
Event: 2,868 loading class java/util/TreeMap$ValueIterator done
Event: 2,981 Executing VM operation: G1CollectForAllocation
Event: 3,003 Executing VM operation: G1CollectForAllocation done
Event: 3,079 loading class jdk/internal/org/objectweb/asm/Opcodes
Event: 3,080 loading class jdk/internal/org/objectweb/asm/Opcodes done
Event: 3,113 loading class jdk/internal/org/objectweb/asm/Handle
Event: 3,113 loading class jdk/internal/org/objectweb/asm/Handle done
Event: 3,170 Executing VM operation: G1CollectForAllocation
Event: 3,179 Executing VM operation: G1CollectForAllocation done
Event: 3,264 Executing VM operation: G1CollectForAllocation
Event: 3,269 Executing VM operation: G1CollectForAllocation done
Event: 3,326 Executing VM operation: G1Concurrent
Event: 3,329 Executing VM operation: G1Concurrent done
Event: 3,355 Executing VM operation: G1Concurrent
Event: 3,355 Executing VM operation: G1Concurrent done


Dynamic libraries:
c2800000-c7d00000 rw-p 00000000 00:00 0 
c7d00000-ff900000 ---p 00000000 00:00 0 
ff900000-ffe00000 rw-p 00000000 00:00 0 
ffe00000-ffe52000 rw-p 00bda000 08:01 19671920                           /home/mos/java/jdk-15+36/lib/server/classes.jsa
ffe52000-fff00000 rw-p 00000000 00:00 0 
fff00000-fff7c000 rw-p 00b5e000 08:01 19671920                           /home/mos/java/jdk-15+36/lib/server/classes.jsa
fff7c000-100000000 rw-p 00000000 00:00 0 
800000000-800003000 rwxp 00001000 08:01 19671920                         /home/mos/java/jdk-15+36/lib/server/classes.jsa
800003000-8003e2000 rw-p 00004000 08:01 19671920                         /home/mos/java/jdk-15+36/lib/server/classes.jsa
8003e2000-800b29000 r--p 003e3000 08:01 19671920                         /home/mos/java/jdk-15+36/lib/server/classes.jsa
800b29000-800b2c000 ---p 00000000 00:00 0 
800b2c000-800bec000 rw-p 00000000 00:00 0 
800bec000-840b2c000 ---p 00000000 00:00 0 
557a4f11d000-557a4f11e000 r-xp 00000000 08:01 19400042                   /home/mos/java/jdk-15+36/bin/jlink
557a4f31e000-557a4f31f000 r--p 00001000 08:01 19400042                   /home/mos/java/jdk-15+36/bin/jlink
557a4f31f000-557a4f320000 rw-p 00002000 08:01 19400042                   /home/mos/java/jdk-15+36/bin/jlink
557a4feb7000-557a4fed8000 rw-p 00000000 00:00 0                          [heap]
7f25f8000000-7f25f8021000 rw-p 00000000 00:00 0 
7f25f8021000-7f25fc000000 ---p 00000000 00:00 0 
7f25fc000000-7f25fc021000 rw-p 00000000 00:00 0 
7f25fc021000-7f2600000000 ---p 00000000 00:00 0 
7f2600000000-7f2600021000 rw-p 00000000 00:00 0 
7f2600021000-7f2604000000 ---p 00000000 00:00 0 
7f2604000000-7f26049eb000 rw-p 00000000 00:00 0 
7f26049eb000-7f2608000000 ---p 00000000 00:00 0 
7f2608000000-7f2608021000 rw-p 00000000 00:00 0 
7f2608021000-7f260c000000 ---p 00000000 00:00 0 
7f260c000000-7f260c021000 rw-p 00000000 00:00 0 
7f260c021000-7f2610000000 ---p 00000000 00:00 0 
7f2610000000-7f2610021000 rw-p 00000000 00:00 0 
7f2610021000-7f2614000000 ---p 00000000 00:00 0 
7f2614000000-7f2614021000 rw-p 00000000 00:00 0 
7f2614021000-7f2618000000 ---p 00000000 00:00 0 
7f2618000000-7f261924c000 rw-p 00000000 00:00 0 
7f261924c000-7f261c000000 ---p 00000000 00:00 0 
7f261c000000-7f261c1f0000 rw-p 00000000 00:00 0 
7f261c1f0000-7f2620000000 ---p 00000000 00:00 0 
7f2620000000-7f2620021000 rw-p 00000000 00:00 0 
7f2620021000-7f2624000000 ---p 00000000 00:00 0 
7f2624000000-7f2624021000 rw-p 00000000 00:00 0 
7f2624021000-7f2628000000 ---p 00000000 00:00 0 
7f2628000000-7f2628021000 rw-p 00000000 00:00 0 
7f2628021000-7f262c000000 ---p 00000000 00:00 0 
7f262c000000-7f262c021000 rw-p 00000000 00:00 0 
7f262c021000-7f2630000000 ---p 00000000 00:00 0 
7f2630000000-7f2630039000 rw-p 00000000 00:00 0 
7f2630039000-7f2634000000 ---p 00000000 00:00 0 
7f2635b95000-7f2635df3000 rw-p 00000000 00:00 0 
7f2635df3000-7f2635df4000 ---p 00000000 00:00 0 
7f2635df4000-7f2635ef5000 rw-p 00000000 00:00 0 
7f2635ef5000-7f2635ef6000 ---p 00000000 00:00 0 
7f2635ef6000-7f2635ff7000 rw-p 00000000 00:00 0 
7f2635ff7000-7f2635ffb000 ---p 00000000 00:00 0 
7f2635ffb000-7f26360f8000 rw-p 00000000 00:00 0 
7f26360f8000-7f26360f9000 ---p 00000000 00:00 0 
7f26360f9000-7f26361fa000 rw-p 00000000 00:00 0 
7f26361fa000-7f2636201000 r-xp 00000000 08:01 19671906                   /home/mos/java/jdk-15+36/lib/libzip.so
7f2636201000-7f2636401000 ---p 00007000 08:01 19671906                   /home/mos/java/jdk-15+36/lib/libzip.so
7f2636401000-7f2636402000 r--p 00007000 08:01 19671906                   /home/mos/java/jdk-15+36/lib/libzip.so
7f2636402000-7f2636403000 rw-p 00008000 08:01 19671906                   /home/mos/java/jdk-15+36/lib/libzip.so
7f2636403000-7f2636417000 r-xp 00000000 08:01 19671909                   /home/mos/java/jdk-15+36/lib/libnet.so
7f2636417000-7f2636617000 ---p 00014000 08:01 19671909                   /home/mos/java/jdk-15+36/lib/libnet.so
7f2636617000-7f2636618000 r--p 00014000 08:01 19671909                   /home/mos/java/jdk-15+36/lib/libnet.so
7f2636618000-7f2636619000 rw-p 00015000 08:01 19671909                   /home/mos/java/jdk-15+36/lib/libnet.so
7f2636619000-7f263662a000 r-xp 00000000 08:01 19671915                   /home/mos/java/jdk-15+36/lib/libnio.so
7f263662a000-7f2636829000 ---p 00011000 08:01 19671915                   /home/mos/java/jdk-15+36/lib/libnio.so
7f2636829000-7f263682a000 r--p 00010000 08:01 19671915                   /home/mos/java/jdk-15+36/lib/libnio.so
7f263682a000-7f263682b000 rw-p 00011000 08:01 19671915                   /home/mos/java/jdk-15+36/lib/libnio.so
7f263682b000-7f263682c000 ---p 00000000 00:00 0 
7f263682c000-7f263692d000 rw-p 00000000 00:00 0 
7f263692d000-7f2636931000 ---p 00000000 00:00 0 
7f2636931000-7f2636a2e000 rw-p 00000000 00:00 0 
7f2636a2e000-7f2636a32000 ---p 00000000 00:00 0 
7f2636a32000-7f2636b2f000 rw-p 00000000 00:00 0 
7f2636b2f000-7f2636b33000 ---p 00000000 00:00 0 
7f2636b33000-7f2636c30000 rw-p 00000000 00:00 0 
7f2636c30000-7f2636c34000 ---p 00000000 00:00 0 
7f2636c34000-7f2636d31000 rw-p 00000000 00:00 0 
7f2636d31000-7f2636d35000 ---p 00000000 00:00 0 
7f2636d35000-7f2636e32000 rw-p 00000000 00:00 0 
7f2636e32000-7f2636e36000 ---p 00000000 00:00 0 
7f2636e36000-7f2636f33000 rw-p 00000000 00:00 0 
7f2636f33000-7f2636f37000 ---p 00000000 00:00 0 
7f2636f37000-7f2637034000 rw-p 00000000 00:00 0 
7f2637034000-7f26375fe000 r--p 00000000 08:01 29885742                   /usr/lib/locale/locale-archive
7f26375fe000-7f2637602000 ---p 00000000 00:00 0 
7f2637602000-7f26376ff000 rw-p 00000000 00:00 0 
7f26376ff000-7f2637703000 ---p 00000000 00:00 0 
7f2637703000-7f2637d40000 rw-p 00000000 00:00 0 
7f2637d40000-7f2638000000 ---p 00000000 00:00 0 
7f2638000000-7f2638021000 rw-p 00000000 00:00 0 
7f2638021000-7f263c000000 ---p 00000000 00:00 0 
7f263c000000-7f263c021000 rw-p 00000000 00:00 0 
7f263c021000-7f2640000000 ---p 00000000 00:00 0 
7f2640000000-7f2640021000 rw-p 00000000 00:00 0 
7f2640021000-7f2644000000 ---p 00000000 00:00 0 
7f2644000000-7f2644021000 rw-p 00000000 00:00 0 
7f2644021000-7f2648000000 ---p 00000000 00:00 0 
7f2648000000-7f2648021000 rw-p 00000000 00:00 0 
7f2648021000-7f264c000000 ---p 00000000 00:00 0 
7f264c060000-7f264c091000 rw-p 00000000 00:00 0 
7f264c091000-7f264c092000 ---p 00000000 00:00 0 
7f264c092000-7f264c26f000 rw-p 00000000 00:00 0 
7f264c26f000-7f264c270000 ---p 00000000 00:00 0 
7f264c270000-7f264c371000 rw-p 00000000 00:00 0 
7f264c371000-7f264c372000 ---p 00000000 00:00 0 
7f264c372000-7f264e5c7000 rw-p 00000000 00:00 0 
7f264e5c7000-7f264f3b7000 ---p 00000000 00:00 0 
7f264f3b7000-7f264f527000 rw-p 00000000 00:00 0 
7f264f527000-7f2650317000 ---p 00000000 00:00 0 
7f2650317000-7f2650333000 rw-p 00000000 00:00 0 
7f2650333000-7f26505a3000 rwxp 00000000 00:00 0 
7f26505a3000-7f26508c4000 ---p 00000000 00:00 0 
7f26508c4000-7f2650b54000 rwxp 00000000 00:00 0 
7f2650b54000-7f2657dfb000 ---p 00000000 00:00 0 
7f2657dfb000-7f265806b000 rwxp 00000000 00:00 0 
7f265806b000-7f265f333000 ---p 00000000 00:00 0 
7f265f333000-7f2668000000 r--s 00000000 08:01 19671910                   /home/mos/java/jdk-15+36/lib/modules
7f2668000000-7f2668422000 rw-p 00000000 00:00 0 
7f2668422000-7f266c000000 ---p 00000000 00:00 0 
7f266c00e000-7f266c495000 rw-p 00000000 00:00 0 
7f266c495000-7f266c496000 ---p 00000000 00:00 0 
7f266c496000-7f266c597000 rw-p 00000000 00:00 0 
7f266c597000-7f266c598000 ---p 00000000 00:00 0 
7f266c598000-7f266c699000 rw-p 00000000 00:00 0 
7f266c699000-7f266c69a000 ---p 00000000 00:00 0 
7f266c69a000-7f266c7e7000 rw-p 00000000 00:00 0 
7f266c7e7000-7f266c9a4000 ---p 00000000 00:00 0 
7f266c9a4000-7f266c9d3000 rw-p 00000000 00:00 0 
7f266c9d3000-7f266cb90000 ---p 00000000 00:00 0 
7f266cb90000-7f266cbbf000 rw-p 00000000 00:00 0 
7f266cbbf000-7f266cd7c000 ---p 00000000 00:00 0 
7f266cd7c000-7f266d189000 rw-p 00000000 00:00 0 
7f266d189000-7f266d26f000 ---p 00000000 00:00 0 
7f266d26f000-7f266d275000 rw-p 00000000 00:00 0 
7f266d275000-7f266d35a000 ---p 00000000 00:00 0 
7f266d35a000-7f266d35f000 rw-p 00000000 00:00 0 
7f266d35f000-7f266d366000 ---p 00000000 00:00 0 
7f266d366000-7f266d38a000 r-xp 00000000 08:01 19671925                   /home/mos/java/jdk-15+36/lib/libjava.so
7f266d38a000-7f266d589000 ---p 00024000 08:01 19671925                   /home/mos/java/jdk-15+36/lib/libjava.so
7f266d589000-7f266d58a000 r--p 00023000 08:01 19671925                   /home/mos/java/jdk-15+36/lib/libjava.so
7f266d58a000-7f266d58b000 rw-p 00024000 08:01 19671925                   /home/mos/java/jdk-15+36/lib/libjava.so
7f266d58b000-7f266d58c000 rw-p 00000000 00:00 0 
7f266d58c000-7f266d5a7000 r-xp 00000000 08:01 19671932                   /home/mos/java/jdk-15+36/lib/libjimage.so
7f266d5a7000-7f266d7a6000 ---p 0001b000 08:01 19671932                   /home/mos/java/jdk-15+36/lib/libjimage.so
7f266d7a6000-7f266d7a8000 r--p 0001a000 08:01 19671932                   /home/mos/java/jdk-15+36/lib/libjimage.so
7f266d7a8000-7f266d7a9000 rw-p 0001c000 08:01 19671932                   /home/mos/java/jdk-15+36/lib/libjimage.so
7f266d7a9000-7f266d7ad000 ---p 00000000 00:00 0 
7f266d7ad000-7f266d8aa000 rw-p 00000000 00:00 0 
7f266d8aa000-7f266d8b9000 r--p 00000000 08:01 29889187                   /usr/lib/x86_64-linux-gnu/libm-2.31.so
7f266d8b9000-7f266d960000 r-xp 0000f000 08:01 29889187                   /usr/lib/x86_64-linux-gnu/libm-2.31.so
7f266d960000-7f266d9f7000 r--p 000b6000 08:01 29889187                   /usr/lib/x86_64-linux-gnu/libm-2.31.so
7f266d9f7000-7f266d9f8000 r--p 0014c000 08:01 29889187                   /usr/lib/x86_64-linux-gnu/libm-2.31.so
7f266d9f8000-7f266d9f9000 rw-p 0014d000 08:01 29889187                   /usr/lib/x86_64-linux-gnu/libm-2.31.so
7f266d9f9000-7f266ebe8000 r-xp 00000000 08:01 19671919                   /home/mos/java/jdk-15+36/lib/server/libjvm.so
7f266ebe8000-7f266ede8000 ---p 011ef000 08:01 19671919                   /home/mos/java/jdk-15+36/lib/server/libjvm.so
7f266ede8000-7f266ee85000 r--p 011ef000 08:01 19671919                   /home/mos/java/jdk-15+36/lib/server/libjvm.so
7f266ee85000-7f266eebe000 rw-p 0128c000 08:01 19671919                   /home/mos/java/jdk-15+36/lib/server/libjvm.so
7f266eebe000-7f266ef49000 rw-p 00000000 00:00 0 
7f266ef49000-7f266ef6e000 r--p 00000000 08:01 29889182                   /usr/lib/x86_64-linux-gnu/libc-2.31.so
7f266ef6e000-7f266f0e6000 r-xp 00025000 08:01 29889182                   /usr/lib/x86_64-linux-gnu/libc-2.31.so
7f266f0e6000-7f266f130000 r--p 0019d000 08:01 29889182                   /usr/lib/x86_64-linux-gnu/libc-2.31.so
7f266f130000-7f266f131000 ---p 001e7000 08:01 29889182                   /usr/lib/x86_64-linux-gnu/libc-2.31.so
7f266f131000-7f266f134000 r--p 001e7000 08:01 29889182                   /usr/lib/x86_64-linux-gnu/libc-2.31.so
7f266f134000-7f266f137000 rw-p 001ea000 08:01 29889182                   /usr/lib/x86_64-linux-gnu/libc-2.31.so
7f266f137000-7f266f13b000 rw-p 00000000 00:00 0 
7f266f13b000-7f266f13c000 r--p 00000000 08:01 29889184                   /usr/lib/x86_64-linux-gnu/libdl-2.31.so
7f266f13c000-7f266f13e000 r-xp 00001000 08:01 29889184                   /usr/lib/x86_64-linux-gnu/libdl-2.31.so
7f266f13e000-7f266f13f000 r--p 00003000 08:01 29889184                   /usr/lib/x86_64-linux-gnu/libdl-2.31.so
7f266f13f000-7f266f140000 r--p 00003000 08:01 29889184                   /usr/lib/x86_64-linux-gnu/libdl-2.31.so
7f266f140000-7f266f141000 rw-p 00004000 08:01 29889184                   /usr/lib/x86_64-linux-gnu/libdl-2.31.so
7f266f141000-7f266f148000 r--p 00000000 08:01 29889788                   /usr/lib/x86_64-linux-gnu/libpthread-2.31.so
7f266f148000-7f266f159000 r-xp 00007000 08:01 29889788                   /usr/lib/x86_64-linux-gnu/libpthread-2.31.so
7f266f159000-7f266f15e000 r--p 00018000 08:01 29889788                   /usr/lib/x86_64-linux-gnu/libpthread-2.31.so
7f266f15e000-7f266f15f000 r--p 0001c000 08:01 29889788                   /usr/lib/x86_64-linux-gnu/libpthread-2.31.so
7f266f15f000-7f266f160000 rw-p 0001d000 08:01 29889788                   /usr/lib/x86_64-linux-gnu/libpthread-2.31.so
7f266f160000-7f266f164000 rw-p 00000000 00:00 0 
7f266f164000-7f266f173000 r-xp 00000000 08:01 19671956                   /home/mos/java/jdk-15+36/lib/libjli.so
7f266f173000-7f266f373000 ---p 0000f000 08:01 19671956                   /home/mos/java/jdk-15+36/lib/libjli.so
7f266f373000-7f266f374000 r--p 0000f000 08:01 19671956                   /home/mos/java/jdk-15+36/lib/libjli.so
7f266f374000-7f266f375000 rw-p 00010000 08:01 19671956                   /home/mos/java/jdk-15+36/lib/libjli.so
7f266f375000-7f266f377000 r--p 00000000 08:01 29885982                   /usr/lib/x86_64-linux-gnu/libz.so.1.2.11
7f266f377000-7f266f388000 r-xp 00002000 08:01 29885982                   /usr/lib/x86_64-linux-gnu/libz.so.1.2.11
7f266f388000-7f266f38e000 r--p 00013000 08:01 29885982                   /usr/lib/x86_64-linux-gnu/libz.so.1.2.11
7f266f38e000-7f266f38f000 ---p 00019000 08:01 29885982                   /usr/lib/x86_64-linux-gnu/libz.so.1.2.11
7f266f38f000-7f266f390000 r--p 00019000 08:01 29885982                   /usr/lib/x86_64-linux-gnu/libz.so.1.2.11
7f266f390000-7f266f391000 rw-p 0001a000 08:01 29885982                   /usr/lib/x86_64-linux-gnu/libz.so.1.2.11
7f266f391000-7f266f393000 rw-p 00000000 00:00 0 
7f266f39a000-7f266f3a2000 rw-s 00000000 08:01 9961509                    /tmp/hsperfdata_mos/3833
7f266f3a2000-7f266f3a5000 r--p 00000000 08:01 29889630                   /usr/lib/x86_64-linux-gnu/libnss_files-2.31.so
7f266f3a5000-7f266f3ac000 r-xp 00003000 08:01 29889630                   /usr/lib/x86_64-linux-gnu/libnss_files-2.31.so
7f266f3ac000-7f266f3ae000 r--p 0000a000 08:01 29889630                   /usr/lib/x86_64-linux-gnu/libnss_files-2.31.so
7f266f3ae000-7f266f3af000 r--p 0000b000 08:01 29889630                   /usr/lib/x86_64-linux-gnu/libnss_files-2.31.so
7f266f3af000-7f266f3b0000 rw-p 0000c000 08:01 29889630                   /usr/lib/x86_64-linux-gnu/libnss_files-2.31.so
7f266f3b0000-7f266f3b6000 rw-p 00000000 00:00 0 
7f266f3b6000-7f266f3b7000 ---p 00000000 00:00 0 
7f266f3b7000-7f266f3b8000 r--p 00000000 00:00 0 
7f266f3b8000-7f266f3b9000 r--p 00000000 08:01 29888625                   /usr/lib/x86_64-linux-gnu/ld-2.31.so
7f266f3b9000-7f266f3dc000 r-xp 00001000 08:01 29888625                   /usr/lib/x86_64-linux-gnu/ld-2.31.so
7f266f3dc000-7f266f3e4000 r--p 00024000 08:01 29888625                   /usr/lib/x86_64-linux-gnu/ld-2.31.so
7f266f3e4000-7f266f3e5000 ---p 00000000 00:00 0 
7f266f3e5000-7f266f3e6000 r--p 0002c000 08:01 29888625                   /usr/lib/x86_64-linux-gnu/ld-2.31.so
7f266f3e6000-7f266f3e7000 rw-p 0002d000 08:01 29888625                   /usr/lib/x86_64-linux-gnu/ld-2.31.so
7f266f3e7000-7f266f3e8000 rw-p 00000000 00:00 0 
7ffda5da9000-7ffda5dca000 rw-p 00000000 00:00 0                          [stack]
7ffda5de7000-7ffda5dea000 r--p 00000000 00:00 0                          [vvar]
7ffda5dea000-7ffda5deb000 r-xp 00000000 00:00 0                          [vdso]
ffffffffff600000-ffffffffff601000 --xp 00000000 00:00 0                  [vsyscall]


VM Arguments:
jvm_args: -Dapplication.home=/home/mos/java/jdk-15+36 --add-modules=ALL-DEFAULT -Xms8m -Djdk.module.main=jdk.jlink 
java_command: jdk.jlink/jdk.tools.jlink.internal.Main --no-header-files --no-man-pages --compress=2 --strip-debug --add-modules java.desktop,java.xml,java.naming,jdk.accessibility --output linux/java-runtime
java_class_path (initial): <not set>
Launcher Type: SUN_STANDARD

[Global flags]
     intx CICompilerCount                          = 3                                         {product} {ergonomic}
     uint ConcGCThreads                            = 1                                         {product} {ergonomic}
     uint G1ConcRefinementThreads                  = 4                                         {product} {ergonomic}
   size_t G1HeapRegionSize                         = 1048576                                   {product} {ergonomic}
    uintx GCDrainStackTargetSize                   = 64                                        {product} {ergonomic}
   size_t InitialHeapSize                          = 8388608                                   {product} {command line}
   size_t MarkStackSize                            = 4194304                                   {product} {ergonomic}
   size_t MaxHeapSize                              = 1031798784                                {product} {ergonomic}
   size_t MaxNewSize                               = 618659840                                 {product} {ergonomic}
   size_t MinHeapDeltaBytes                        = 1048576                                   {product} {ergonomic}
   size_t MinHeapSize                              = 8388608                                   {product} {command line}
    uintx NonNMethodCodeHeapSize                   = 5832780                                {pd product} {ergonomic}
    uintx NonProfiledCodeHeapSize                  = 122912730                              {pd product} {ergonomic}
    uintx ProfiledCodeHeapSize                     = 122912730                              {pd product} {ergonomic}
    uintx ReservedCodeCacheSize                    = 251658240                              {pd product} {ergonomic}
     bool SegmentedCodeCache                       = true                                      {product} {ergonomic}
   size_t SoftMaxHeapSize                          = 1031798784                             {manageable} {ergonomic}
     bool UseCompressedClassPointers               = true                                 {lp64_product} {ergonomic}
     bool UseCompressedOops                        = true                                 {lp64_product} {ergonomic}
     bool UseG1GC                                  = true                                      {product} {ergonomic}

Logging:
Log output configuration:
 #0: stdout all=warning uptime,level,tags
 #1: stderr all=off uptime,level,tags

Environment Variables:
JAVA_HOME=/home/mos/java/jdk-15+36
PATH=/usr/local/sbin:/usr/local/bin:/usr/sbin:/usr/bin:/sbin:/bin:/usr/games:/usr/local/games:/snap/bin
SHELL=/bin/bash
DISPLAY=:0.0
LANG=de_DE.UTF-8

Signal Handlers:
SIGSEGV: [libjvm.so+0xec7fb0], sa_mask[0]=11111111011111111101111111111110, sa_flags=SA_RESTART|SA_SIGINFO
SIGBUS: [libjvm.so+0xec7fb0], sa_mask[0]=11111111011111111101111111111110, sa_flags=SA_RESTART|SA_SIGINFO
SIGFPE: [libjvm.so+0xec7fb0], sa_mask[0]=11111111011111111101111111111110, sa_flags=SA_RESTART|SA_SIGINFO
SIGPIPE: [libjvm.so+0xbc2a30], sa_mask[0]=11111111011111111101111111111110, sa_flags=SA_RESTART|SA_SIGINFO
SIGXFSZ: [libjvm.so+0xbc2a30], sa_mask[0]=11111111011111111101111111111110, sa_flags=SA_RESTART|SA_SIGINFO
SIGILL: [libjvm.so+0xec7fb0], sa_mask[0]=11111111011111111101111111111110, sa_flags=SA_RESTART|SA_SIGINFO
SIGUSR2: [libjvm.so+0xbc28d0], sa_mask[0]=00000000000000000000000000000000, sa_flags=SA_RESTART|SA_SIGINFO
SIGHUP: [libjvm.so+0xbc2ff0], sa_mask[0]=11111111011111111101111111111110, sa_flags=SA_RESTART|SA_SIGINFO
SIGINT: [libjvm.so+0xbc2ff0], sa_mask[0]=11111111011111111101111111111110, sa_flags=SA_RESTART|SA_SIGINFO
SIGTERM: [libjvm.so+0xbc2ff0], sa_mask[0]=11111111011111111101111111111110, sa_flags=SA_RESTART|SA_SIGINFO
SIGQUIT: [libjvm.so+0xbc2ff0], sa_mask[0]=11111111011111111101111111111110, sa_flags=SA_RESTART|SA_SIGINFO


---------------  S Y S T E M  ---------------

OS:
DISTRIB_ID=Ubuntu
DISTRIB_RELEASE=20.04
DISTRIB_CODENAME=focal
DISTRIB_DESCRIPTION="Ubuntu 20.04.1 LTS"
uname: Linux 5.4.0-47-lowlatency #51-Ubuntu SMP PREEMPT Fri Sep 4 20:46:20 UTC 2020 x86_64
OS uptime: 0 days 0:27 hours
libc: glibc 2.31 NPTL 2.31 
rlimit (soft/hard): STACK 8192k/infinity , CORE 0k/infinity , NPROC 15521/15521 , NOFILE 1048576/1048576 , AS infinity/infinity , CPU infinity/infinity , DATA infinity/infinity , FSIZE infinity/infinity , MEMLOCK infinity/infinity
load average: 1,41 1,71 1,80

/proc/meminfo:
MemTotal:        4029852 kB
MemFree:          370312 kB
MemAvailable:     843748 kB
Buffers:           95932 kB
Cached:           569704 kB
SwapCached:         3492 kB
Active:          2418728 kB
Inactive:         988220 kB
Active(anon):    2116640 kB
Inactive(anon):   648036 kB
Active(file):     302088 kB
Inactive(file):   340184 kB
Unevictable:          32 kB
Mlocked:              32 kB
SwapTotal:       2097148 kB
SwapFree:        2063868 kB
Dirty:               792 kB
Writeback:             0 kB
AnonPages:       2738116 kB
Mapped:           209136 kB
Shmem:             23272 kB
KReclaimable:      70184 kB
Slab:             161940 kB
SReclaimable:      70184 kB
SUnreclaim:        91756 kB
KernelStack:        7936 kB
PageTables:        16076 kB
NFS_Unstable:          0 kB
Bounce:                0 kB
WritebackTmp:          0 kB
CommitLimit:     4112072 kB
Committed_AS:    4931264 kB
VmallocTotal:   34359738367 kB
VmallocUsed:       33976 kB
VmallocChunk:          0 kB
Percpu:             2688 kB
HardwareCorrupted:     0 kB
AnonHugePages:         0 kB
ShmemHugePages:        0 kB
ShmemPmdMapped:        0 kB
FileHugePages:         0 kB
FilePmdMapped:         0 kB
CmaTotal:              0 kB
CmaFree:               0 kB
HugePages_Total:       0
HugePages_Free:        0
HugePages_Rsvd:        0
HugePages_Surp:        0
Hugepagesize:       2048 kB
Hugetlb:               0 kB
DirectMap4k:      296576 kB
DirectMap2M:     3897344 kB

/sys/kernel/mm/transparent_hugepage/enabled: always [madvise] never
/sys/kernel/mm/transparent_hugepage/defrag (defrag/compaction efforts parameter): always defer defer+madvise [madvise] never

/proc/sys/kernel/threads-max (system-wide limit on the number of threads): 31043
/proc/sys/vm/max_map_count (maximum number of memory map areas a process may have): 65530
/proc/sys/kernel/pid_max (system-wide limit on number of process identifiers): 4194304

container (cgroup) information:
container_type: cgroupv1
cpu_cpuset_cpus: 0-3
cpu_memory_nodes: 0
active_processor_count: 4
cpu_quota: no quota
cpu_period: 100000
cpu_shares: no shares
memory_limit_in_bytes: unlimited
memory_and_swap_limit_in_bytes: not supported
memory_soft_limit_in_bytes: unlimited
memory_usage_in_bytes: 3309903872
memory_max_usage_in_bytes: 3528019968

Steal ticks since vm start: 0
Steal ticks percentage since vm start:  0,000

CPU: total 4 (initial active 4) (4 cores per cpu, 1 threads per core) family 6 model 23 stepping 7, cmov, cx8, fxsr, mmx, sse, sse2, sse3, ssse3, sse4.1, tsc, clflush
CPU Model and flags from /proc/cpuinfo:
model name	: Intel(R) Core(TM)2 Quad  CPU   Q8200  @ 2.33GHz
flags		: fpu vme de pse tsc msr pae mce cx8 apic sep mtrr pge mca cmov pat pse36 clflush dts acpi mmx fxsr sse sse2 ht tm pbe syscall nx lm constant_tsc arch_perfmon pebs bts rep_good nopl cpuid aperfmperf pni dtes64 monitor ds_cpl est tm2 ssse3 cx16 xtpr pdcm sse4_1 lahf_lm pti dtherm

Online cpus: 0-3
Offline cpus: 
BIOS frequency limitation: 2336000
Frequency switch latency (ns): 10000
Available cpu frequencies: 2336000 2003000 
Current governor: ondemand
Core performance/turbo boost: <Not Available>

Memory: 4k page, physical 4029852k(370312k free), swap 2097148k(2063868k free)

vm_info: OpenJDK 64-Bit Server VM (15+36) for linux-amd64 JRE (15+36), built on Sep 15 2020 15:25:01 by "" with gcc 7.5.0

END.
